# JRE version: OpenJDK Runtime Environment (11.0.10) (build 11.0.10+0-b96-7249189)
# Java VM: OpenJDK 64-Bit Server VM (11.0.10+0-b96-7249189, mixed mode, tiered, compressed oops, g1 gc, windows-amd64)
Heap:
 garbage-first heap   total 307200K, used 212972K [0x0000000080000000, 0x0000000100000000)
  region size 1024K, 156 young (159744K), 12 survivors (12288K)
 Metaspace       used 65509K, capacity 67377K, committed 67712K, reserved 1107968K
  class space    used 8127K, capacity 8740K, committed 8832K, reserved 1048576K
GC Heap History (20 events):
Event: 19.097 GC heap before
{Heap before GC invocations=46 (full 0):
 garbage-first heap   total 307200K, used 242213K [0x0000000080000000, 0x0000000100000000)
  region size 1024K, 180 young (184320K), 5 survivors (5120K)
 Metaspace       used 48029K, capacity 49314K, committed 49408K, reserved 1091584K
  class space    used 6170K, capacity 6630K, committed 6656K, reserved 1048576K
}
Event: 19.105 GC heap after
{Heap after GC invocations=47 (full 0):
 garbage-first heap   total 307200K, used 61626K [0x0000000080000000, 0x0000000100000000)
  region size 1024K, 7 young (7168K), 7 survivors (7168K)
 Metaspace       used 48029K, capacity 49314K, committed 49408K, reserved 1091584K
  class space    used 6170K, capacity 6630K, committed 6656K, reserved 1048576K
}
Event: 19.639 GC heap before
{Heap before GC invocations=47 (full 0):
 garbage-first heap   total 307200K, used 237754K [0x0000000080000000, 0x0000000100000000)
  region size 1024K, 180 young (184320K), 7 survivors (7168K)
 Metaspace       used 48037K, capacity 49314K, committed 49408K, reserved 1091584K
  class space    used 6170K, capacity 6630K, committed 6656K, reserved 1048576K
}
Event: 19.645 GC heap after
{Heap after GC invocations=48 (full 0):
 garbage-first heap   total 307200K, used 61121K [0x0000000080000000, 0x0000000100000000)
  region size 1024K, 6 young (6144K), 6 survivors (6144K)
 Metaspace       used 48037K, capacity 49314K, committed 49408K, reserved 1091584K
  class space    used 6170K, capacity 6630K, committed 6656K, reserved 1048576K
}
Event: 20.268 GC heap before
{Heap before GC invocations=48 (full 0):
 garbage-first heap   total 307200K, used 239297K [0x0000000080000000, 0x0000000100000000)
  region size 1024K, 180 young (184320K), 6 survivors (6144K)
 Metaspace       used 48039K, capacity 49314K, committed 49408K, reserved 1091584K
  class space    used 6170K, capacity 6630K, committed 6656K, reserved 1048576K
}
Event: 20.276 GC heap after
{Heap after GC invocations=49 (full 0):
 garbage-first heap   total 307200K, used 62956K [0x0000000080000000, 0x0000000100000000)
  region size 1024K, 8 young (8192K), 8 survivors (8192K)
 Metaspace       used 48039K, capacity 49314K, committed 49408K, reserved 1091584K
  class space    used 6170K, capacity 6630K, committed 6656K, reserved 1048576K
}
Event: 21.016 GC heap before
{Heap before GC invocations=49 (full 0):
 garbage-first heap   total 307200K, used 239084K [0x0000000080000000, 0x0000000100000000)
  region size 1024K, 180 young (184320K), 8 survivors (8192K)
 Metaspace       used 48044K, capacity 49314K, committed 49408K, reserved 1091584K
  class space    used 6170K, capacity 6630K, committed 6656K, reserved 1048576K
}
Event: 21.025 GC heap after
{Heap after GC invocations=50 (full 0):
 garbage-first heap   total 307200K, used 64339K [0x0000000080000000, 0x0000000100000000)
  region size 1024K, 9 young (9216K), 9 survivors (9216K)
 Metaspace       used 48044K, capacity 49314K, committed 49408K, reserved 1091584K
  class space    used 6170K, capacity 6630K, committed 6656K, reserved 1048576K
}
Event: 21.974 GC heap before
{Heap before GC invocations=50 (full 0):
 garbage-first heap   total 307200K, used 239443K [0x0000000080000000, 0x0000000100000000)
  region size 1024K, 180 young (184320K), 9 survivors (9216K)
 Metaspace       used 48044K, capacity 49314K, committed 49408K, reserved 1091584K
  class space    used 6170K, capacity 6630K, committed 6656K, reserved 1048576K
}
Event: 21.984 GC heap after
{Heap after GC invocations=51 (full 0):
 garbage-first heap   total 307200K, used 65726K [0x0000000080000000, 0x0000000100000000)
  region size 1024K, 11 young (11264K), 11 survivors (11264K)
 Metaspace       used 48044K, capacity 49314K, committed 49408K, reserved 1091584K
  class space    used 6170K, capacity 6630K, committed 6656K, reserved 1048576K
}
Event: 23.303 GC heap before
{Heap before GC invocations=51 (full 0):
 garbage-first heap   total 307200K, used 238782K [0x0000000080000000, 0x0000000100000000)
  region size 1024K, 180 young (184320K), 11 survivors (11264K)
 Metaspace       used 48045K, capacity 49314K, committed 49408K, reserved 1091584K
  class space    used 6170K, capacity 6630K, committed 6656K, reserved 1048576K
}
Event: 23.321 GC heap after
{Heap after GC invocations=52 (full 0):
 garbage-first heap   total 307200K, used 67476K [0x0000000080000000, 0x0000000100000000)
  region size 1024K, 12 young (12288K), 12 survivors (12288K)
 Metaspace       used 48045K, capacity 49314K, committed 49408K, reserved 1091584K
  class space    used 6170K, capacity 6630K, committed 6656K, reserved 1048576K
}
Event: 23.960 GC heap before
{Heap before GC invocations=52 (full 0):
 garbage-first heap   total 307200K, used 239508K [0x0000000080000000, 0x0000000100000000)
  region size 1024K, 180 young (184320K), 12 survivors (12288K)
 Metaspace       used 48046K, capacity 49314K, committed 49408K, reserved 1091584K
  class space    used 6170K, capacity 6630K, committed 6656K, reserved 1048576K
}
Event: 23.971 GC heap after
{Heap after GC invocations=53 (full 0):
 garbage-first heap   total 307200K, used 66034K [0x0000000080000000, 0x0000000100000000)
  region size 1024K, 14 young (14336K), 14 survivors (14336K)
 Metaspace       used 48046K, capacity 49314K, committed 49408K, reserved 1091584K
  class space    used 6170K, capacity 6630K, committed 6656K, reserved 1048576K
}
Event: 25.248 GC heap before
{Heap before GC invocations=53 (full 0):
 garbage-first heap   total 307200K, used 239090K [0x0000000080000000, 0x0000000100000000)
  region size 1024K, 180 young (184320K), 14 survivors (14336K)
 Metaspace       used 48059K, capacity 49314K, committed 49408K, reserved 1091584K
  class space    used 6170K, capacity 6630K, committed 6656K, reserved 1048576K
}
Event: 25.257 GC heap after
{Heap after GC invocations=54 (full 0):
 garbage-first heap   total 307200K, used 63248K [0x0000000080000000, 0x0000000100000000)
  region size 1024K, 7 young (7168K), 7 survivors (7168K)
 Metaspace       used 48059K, capacity 49314K, committed 49408K, reserved 1091584K
  class space    used 6170K, capacity 6630K, committed 6656K, reserved 1048576K
}
Event: 25.562 GC heap before
{Heap before GC invocations=54 (full 0):
 garbage-first heap   total 307200K, used 240400K [0x0000000080000000, 0x0000000100000000)
  region size 1024K, 180 young (184320K), 7 survivors (7168K)
 Metaspace       used 48064K, capacity 49315K, committed 49408K, reserved 1091584K
  class space    used 6170K, capacity 6630K, committed 6656K, reserved 1048576K
}
Event: 25.566 GC heap after
{Heap after GC invocations=55 (full 0):
 garbage-first heap   total 307200K, used 57460K [0x0000000080000000, 0x0000000100000000)
  region size 1024K, 5 young (5120K), 5 survivors (5120K)
 Metaspace       used 48064K, capacity 49315K, committed 49408K, reserved 1091584K
  class space    used 6170K, capacity 6630K, committed 6656K, reserved 1048576K
}
Event: 28.300 GC heap before
{Heap before GC invocations=55 (full 0):
 garbage-first heap   total 307200K, used 239732K [0x0000000080000000, 0x0000000100000000)
  region size 1024K, 180 young (184320K), 5 survivors (5120K)
 Metaspace       used 55806K, capacity 57427K, committed 57728K, reserved 1099776K
  class space    used 7157K, capacity 7707K, committed 7808K, reserved 1048576K
}
Event: 28.353 GC heap after
{Heap after GC invocations=56 (full 0):
 garbage-first heap   total 307200K, used 67564K [0x0000000080000000, 0x0000000100000000)
  region size 1024K, 12 young (12288K), 12 survivors (12288K)
 Metaspace       used 55806K, capacity 57427K, committed 57728K, reserved 1099776K
  class space    used 7157K, capacity 7707K, committed 7808K, reserved 1048576K
}

