# JRE version: OpenJDK Runtime Environment (11.0.10) (build 11.0.10+0-b96-7249189)
# Java VM: OpenJDK 64-Bit Server VM (11.0.10+0-b96-7249189, mixed mode, tiered, compressed oops, g1 gc, windows-amd64)
Heap:
 garbage-first heap   total 133120K, used 58730K [0x0000000080000000, 0x0000000100000000)
  region size 1024K, 4 young (4096K), 4 survivors (4096K)
 Metaspace       used 52536K, capacity 54034K, committed 54144K, reserved 1095680K
  class space    used 6733K, capacity 7212K, committed 7296K, reserved 1048576K
GC Heap History (20 events):
Event: 3.925 GC heap after
{Heap after GC invocations=11 (full 0):
 garbage-first heap   total 76800K, used 34623K [0x0000000080000000, 0x0000000100000000)
  region size 1024K, 3 young (3072K), 3 survivors (3072K)
 Metaspace       used 33976K, capacity 34913K, committed 35072K, reserved 1079296K
  class space    used 4462K, capacity 4798K, committed 4864K, reserved 1048576K
}
Event: 3.954 GC heap before
{Heap before GC invocations=11 (full 0):
 garbage-first heap   total 76800K, used 34623K [0x0000000080000000, 0x0000000100000000)
  region size 1024K, 4 young (4096K), 3 survivors (3072K)
 Metaspace       used 34797K, capacity 35718K, committed 35840K, reserved 1081344K
  class space    used 4554K, capacity 4898K, committed 4992K, reserved 1048576K
}
Event: 3.959 GC heap after
{Heap after GC invocations=12 (full 0):
 garbage-first heap   total 76800K, used 34879K [0x0000000080000000, 0x0000000100000000)
  region size 1024K, 3 young (3072K), 3 survivors (3072K)
 Metaspace       used 34797K, capacity 35718K, committed 35840K, reserved 1081344K
  class space    used 4554K, capacity 4898K, committed 4992K, reserved 1048576K
}
Event: 4.185 GC heap before
{Heap before GC invocations=13 (full 0):
 garbage-first heap   total 76800K, used 51263K [0x0000000080000000, 0x0000000100000000)
  region size 1024K, 20 young (20480K), 3 survivors (3072K)
 Metaspace       used 37551K, capacity 38561K, committed 38784K, reserved 1083392K
  class space    used 4863K, capacity 5206K, committed 5248K, reserved 1048576K
}
Event: 4.193 GC heap after
{Heap after GC invocations=14 (full 0):
 garbage-first heap   total 92160K, used 37003K [0x0000000080000000, 0x0000000100000000)
  region size 1024K, 3 young (3072K), 3 survivors (3072K)
 Metaspace       used 37551K, capacity 38561K, committed 38784K, reserved 1083392K
  class space    used 4863K, capacity 5206K, committed 5248K, reserved 1048576K
}
Event: 4.393 GC heap before
{Heap before GC invocations=15 (full 0):
 garbage-first heap   total 92160K, used 64651K [0x0000000080000000, 0x0000000100000000)
  region size 1024K, 28 young (28672K), 3 survivors (3072K)
 Metaspace       used 39270K, capacity 40267K, committed 40448K, reserved 1085440K
  class space    used 5005K, capacity 5366K, committed 5376K, reserved 1048576K
}
Event: 4.398 GC heap after
{Heap after GC invocations=16 (full 0):
 garbage-first heap   total 92160K, used 38047K [0x0000000080000000, 0x0000000100000000)
  region size 1024K, 2 young (2048K), 2 survivors (2048K)
 Metaspace       used 39270K, capacity 40267K, committed 40448K, reserved 1085440K
  class space    used 5005K, capacity 5366K, committed 5376K, reserved 1048576K
}
Event: 4.622 GC heap before
{Heap before GC invocations=16 (full 0):
 garbage-first heap   total 92160K, used 63647K [0x0000000080000000, 0x0000000100000000)
  region size 1024K, 28 young (28672K), 2 survivors (2048K)
 Metaspace       used 41452K, capacity 42532K, committed 42624K, reserved 1085440K
  class space    used 5333K, capacity 5699K, committed 5760K, reserved 1048576K
}
Event: 4.626 GC heap after
{Heap after GC invocations=17 (full 0):
 garbage-first heap   total 92160K, used 38657K [0x0000000080000000, 0x0000000100000000)
  region size 1024K, 3 young (3072K), 3 survivors (3072K)
 Metaspace       used 41452K, capacity 42532K, committed 42624K, reserved 1085440K
  class space    used 5333K, capacity 5699K, committed 5760K, reserved 1048576K
}
Event: 4.892 GC heap before
{Heap before GC invocations=17 (full 0):
 garbage-first heap   total 92160K, used 52993K [0x0000000080000000, 0x0000000100000000)
  region size 1024K, 14 young (14336K), 3 survivors (3072K)
 Metaspace       used 42053K, capacity 43144K, committed 43264K, reserved 1087488K
  class space    used 5404K, capacity 5790K, committed 5888K, reserved 1048576K
}
Event: 4.897 GC heap after
{Heap after GC invocations=18 (full 0):
 garbage-first heap   total 92160K, used 45282K [0x0000000080000000, 0x0000000100000000)
  region size 1024K, 3 young (3072K), 3 survivors (3072K)
 Metaspace       used 42053K, capacity 43144K, committed 43264K, reserved 1087488K
  class space    used 5404K, capacity 5790K, committed 5888K, reserved 1048576K
}
Event: 5.044 GC heap before
{Heap before GC invocations=19 (full 0):
 garbage-first heap   total 92160K, used 60642K [0x0000000080000000, 0x0000000100000000)
  region size 1024K, 16 young (16384K), 3 survivors (3072K)
 Metaspace       used 42723K, capacity 43960K, committed 44160K, reserved 1087488K
  class space    used 5477K, capacity 5910K, committed 6016K, reserved 1048576K
}
Event: 5.050 GC heap after
{Heap after GC invocations=20 (full 0):
 garbage-first heap   total 110592K, used 51075K [0x0000000080000000, 0x0000000100000000)
  region size 1024K, 4 young (4096K), 4 survivors (4096K)
 Metaspace       used 42723K, capacity 43960K, committed 44160K, reserved 1087488K
  class space    used 5477K, capacity 5910K, committed 6016K, reserved 1048576K
}
Event: 5.301 GC heap before
{Heap before GC invocations=21 (full 0):
 garbage-first heap   total 110592K, used 81795K [0x0000000080000000, 0x0000000100000000)
  region size 1024K, 33 young (33792K), 4 survivors (4096K)
 Metaspace       used 44631K, capacity 45830K, committed 46080K, reserved 1089536K
  class space    used 5632K, capacity 6084K, committed 6144K, reserved 1048576K
}
Event: 5.306 GC heap after
{Heap after GC invocations=22 (full 0):
 garbage-first heap   total 110592K, used 52577K [0x0000000080000000, 0x0000000100000000)
  region size 1024K, 4 young (4096K), 4 survivors (4096K)
 Metaspace       used 44631K, capacity 45830K, committed 46080K, reserved 1089536K
  class space    used 5632K, capacity 6084K, committed 6144K, reserved 1048576K
}
Event: 5.572 GC heap before
{Heap before GC invocations=22 (full 0):
 garbage-first heap   total 110592K, used 82273K [0x0000000080000000, 0x0000000100000000)
  region size 1024K, 33 young (33792K), 4 survivors (4096K)
 Metaspace       used 46598K, capacity 47933K, committed 48256K, reserved 1091584K
  class space    used 5948K, capacity 6403K, committed 6528K, reserved 1048576K
}
Event: 5.578 GC heap after
{Heap after GC invocations=23 (full 0):
 garbage-first heap   total 110592K, used 54678K [0x0000000080000000, 0x0000000100000000)
  region size 1024K, 5 young (5120K), 5 survivors (5120K)
 Metaspace       used 46598K, capacity 47933K, committed 48256K, reserved 1091584K
  class space    used 5948K, capacity 6403K, committed 6528K, reserved 1048576K
}
Event: 5.863 GC heap before
{Heap before GC invocations=23 (full 0):
 garbage-first heap   total 110592K, used 83350K [0x0000000080000000, 0x0000000100000000)
  region size 1024K, 33 young (33792K), 5 survivors (5120K)
 Metaspace       used 48594K, capacity 50006K, committed 50304K, reserved 1093632K
  class space    used 6254K, capacity 6708K, committed 6784K, reserved 1048576K
}
Event: 5.871 GC heap after
{Heap after GC invocations=24 (full 0):
 garbage-first heap   total 110592K, used 55832K [0x0000000080000000, 0x0000000100000000)
  region size 1024K, 3 young (3072K), 3 survivors (3072K)
 Metaspace       used 48594K, capacity 50006K, committed 50304K, reserved 1093632K
  class space    used 6254K, capacity 6708K, committed 6784K, reserved 1048576K
}
Event: 6.311 GC heap before
{Heap before GC invocations=25 (full 0):
 garbage-first heap   total 110592K, used 86552K [0x0000000080000000, 0x0000000100000000)
  region size 1024K, 33 young (33792K), 3 survivors (3072K)
 Metaspace       used 52536K, capacity 54034K, committed 54144K, reserved 1095680K
  class space    used 6733K, capacity 7212K, committed 7296K, reserved 1048576K
}

