# JRE version: OpenJDK Runtime Environment (11.0.10) (build 11.0.10+0-b96-7249189)
# Java VM: OpenJDK 64-Bit Server VM (11.0.10+0-b96-7249189, mixed mode, tiered, compressed oops, g1 gc, windows-amd64)
Heap:
 garbage-first heap   total 76800K, used 34033K [0x0000000080000000, 0x0000000100000000)
  region size 1024K, 4 young (4096K), 1 survivors (1024K)
 Metaspace       used 29360K, capacity 30152K, committed 30464K, reserved 1075200K
  class space    used 3933K, capacity 4234K, committed 4352K, reserved 1048576K
GC Heap History (16 events):
Event: 0.718 GC heap before
{Heap before GC invocations=0 (full 0):
 garbage-first heap   total 63488K, used 19456K [0x0000000080000000, 0x0000000100000000)
  region size 1024K, 14 young (14336K), 0 survivors (0K)
 Metaspace       used 6731K, capacity 6925K, committed 7168K, reserved 1056768K
  class space    used 582K, capacity 650K, committed 768K, reserved 1048576K
}
Event: 0.725 GC heap after
{Heap after GC invocations=1 (full 0):
 garbage-first heap   total 63488K, used 7998K [0x0000000080000000, 0x0000000100000000)
  region size 1024K, 2 young (2048K), 2 survivors (2048K)
 Metaspace       used 6731K, capacity 6925K, committed 7168K, reserved 1056768K
  class space    used 582K, capacity 650K, committed 768K, reserved 1048576K
}
Event: 1.043 GC heap before
{Heap before GC invocations=1 (full 0):
 garbage-first heap   total 63488K, used 23358K [0x0000000080000000, 0x0000000100000000)
  region size 1024K, 17 young (17408K), 2 survivors (2048K)
 Metaspace       used 10496K, capacity 10716K, committed 11008K, reserved 1058816K
  class space    used 1100K, capacity 1172K, committed 1280K, reserved 1048576K
}
Event: 1.046 GC heap after
{Heap after GC invocations=2 (full 0):
 garbage-first heap   total 63488K, used 9505K [0x0000000080000000, 0x0000000100000000)
  region size 1024K, 2 young (2048K), 2 survivors (2048K)
 Metaspace       used 10496K, capacity 10716K, committed 11008K, reserved 1058816K
  class space    used 1100K, capacity 1172K, committed 1280K, reserved 1048576K
}
Event: 1.290 GC heap before
{Heap before GC invocations=2 (full 0):
 garbage-first heap   total 63488K, used 29985K [0x0000000080000000, 0x0000000100000000)
  region size 1024K, 22 young (22528K), 2 survivors (2048K)
 Metaspace       used 11125K, capacity 11381K, committed 11520K, reserved 1058816K
  class space    used 1166K, capacity 1244K, committed 1280K, reserved 1048576K
}
Event: 1.292 GC heap after
{Heap after GC invocations=3 (full 0):
 garbage-first heap   total 63488K, used 9971K [0x0000000080000000, 0x0000000100000000)
  region size 1024K, 2 young (2048K), 2 survivors (2048K)
 Metaspace       used 11125K, capacity 11381K, committed 11520K, reserved 1058816K
  class space    used 1166K, capacity 1244K, committed 1280K, reserved 1048576K
}
Event: 1.510 GC heap before
{Heap before GC invocations=3 (full 0):
 garbage-first heap   total 63488K, used 35571K [0x0000000080000000, 0x0000000100000000)
  region size 1024K, 27 young (27648K), 2 survivors (2048K)
 Metaspace       used 11936K, capacity 12208K, committed 12544K, reserved 1060864K
  class space    used 1324K, capacity 1413K, committed 1536K, reserved 1048576K
}
Event: 1.516 GC heap after
{Heap after GC invocations=4 (full 0):
 garbage-first heap   total 63488K, used 14505K [0x0000000080000000, 0x0000000100000000)
  region size 1024K, 4 young (4096K), 4 survivors (4096K)
 Metaspace       used 11936K, capacity 12208K, committed 12544K, reserved 1060864K
  class space    used 1324K, capacity 1413K, committed 1536K, reserved 1048576K
}
Event: 2.170 GC heap before
{Heap before GC invocations=4 (full 0):
 garbage-first heap   total 63488K, used 39081K [0x0000000080000000, 0x0000000100000000)
  region size 1024K, 28 young (28672K), 4 survivors (4096K)
 Metaspace       used 18182K, capacity 18673K, committed 18816K, reserved 1064960K
  class space    used 2166K, capacity 2314K, committed 2432K, reserved 1048576K
}
Event: 2.175 GC heap after
{Heap after GC invocations=5 (full 0):
 garbage-first heap   total 63488K, used 16535K [0x0000000080000000, 0x0000000100000000)
  region size 1024K, 3 young (3072K), 3 survivors (3072K)
 Metaspace       used 18182K, capacity 18673K, committed 18816K, reserved 1064960K
  class space    used 2166K, capacity 2314K, committed 2432K, reserved 1048576K
}
Event: 2.367 GC heap before
{Heap before GC invocations=5 (full 0):
 garbage-first heap   total 63488K, used 35991K [0x0000000080000000, 0x0000000100000000)
  region size 1024K, 23 young (23552K), 3 survivors (3072K)
 Metaspace       used 20594K, capacity 21092K, committed 21248K, reserved 1067008K
  class space    used 2514K, capacity 2700K, committed 2816K, reserved 1048576K
}
Event: 2.373 GC heap after
{Heap after GC invocations=6 (full 0):
 garbage-first heap   total 76800K, used 17138K [0x0000000080000000, 0x0000000100000000)
  region size 1024K, 3 young (3072K), 3 survivors (3072K)
 Metaspace       used 20594K, capacity 21092K, committed 21248K, reserved 1067008K
  class space    used 2514K, capacity 2700K, committed 2816K, reserved 1048576K
}
Event: 2.755 GC heap before
{Heap before GC invocations=7 (full 0):
 garbage-first heap   total 76800K, used 46834K [0x0000000080000000, 0x0000000100000000)
  region size 1024K, 32 young (32768K), 3 survivors (3072K)
 Metaspace       used 23544K, capacity 24119K, committed 24320K, reserved 1071104K
  class space    used 3002K, capacity 3202K, committed 3328K, reserved 1048576K
}
Event: 2.759 GC heap after
{Heap after GC invocations=8 (full 0):
 garbage-first heap   total 76800K, used 17840K [0x0000000080000000, 0x0000000100000000)
  region size 1024K, 2 young (2048K), 2 survivors (2048K)
 Metaspace       used 23544K, capacity 24119K, committed 24320K, reserved 1071104K
  class space    used 3002K, capacity 3202K, committed 3328K, reserved 1048576K
}
Event: 3.177 GC heap before
{Heap before GC invocations=8 (full 0):
 garbage-first heap   total 76800K, used 59824K [0x0000000080000000, 0x0000000100000000)
  region size 1024K, 33 young (33792K), 2 survivors (2048K)
 Metaspace       used 26758K, capacity 27461K, committed 27648K, reserved 1073152K
  class space    used 3527K, capacity 3805K, committed 3840K, reserved 1048576K
}
Event: 3.181 GC heap after
{Heap after GC invocations=9 (full 0):
 garbage-first heap   total 76800K, used 31107K [0x0000000080000000, 0x0000000100000000)
  region size 1024K, 5 young (5120K), 5 survivors (5120K)
 Metaspace       used 26758K, capacity 27461K, committed 27648K, reserved 1073152K
  class space    used 3527K, capacity 3805K, committed 3840K, reserved 1048576K
}

